2016-08-03 23:30:02.545  INFO 4944 --- [main] org.wpattern.mutrack.simple.AppMain      : Starting AppMain on Eduardo with PID 4944 (started by Delfino in F:\FPU\6 Periodo\ProgramacaoWeb\wpattern-mutrack-simple-master\wpattern-mutrack-simple-master\wpattern-mutrack-simple)
2016-08-03 23:30:02.548  INFO 4944 --- [main] org.wpattern.mutrack.simple.AppMain      : No active profile set, falling back to default profiles: default
2016-08-03 23:30:02.635  INFO 4944 --- [main] ationConfigEmbeddedWebApplicationContext : Refreshing org.springframework.boot.context.embedded.AnnotationConfigEmbeddedWebApplicationContext@25359ed8: startup date [Wed Aug 03 23:30:02 BRT 2016]; root of context hierarchy
2016-08-03 23:30:04.760  INFO 4944 --- [main] o.s.b.f.s.DefaultListableBeanFactory     : Overriding bean definition for bean 'applicationProperty' with a different definition: replacing [Generic bean: class [org.wpattern.mutrack.simple.utils.ApplicationProperty]; scope=singleton; abstract=false; lazyInit=false; autowireMode=0; dependencyCheck=0; autowireCandidate=true; primary=false; factoryBeanName=null; factoryMethodName=null; initMethodName=null; destroyMethodName=null; defined in file [F:\FPU\6 Periodo\ProgramacaoWeb\wpattern-mutrack-simple-master\wpattern-mutrack-simple-master\wpattern-mutrack-simple\target\classes\org\wpattern\mutrack\simple\utils\ApplicationProperty.class]] with [Root bean: class [null]; scope=; abstract=false; lazyInit=false; autowireMode=3; dependencyCheck=0; autowireCandidate=true; primary=false; factoryBeanName=appContext; factoryMethodName=getApplicationProperty; initMethodName=null; destroyMethodName=(inferred); defined in org.wpattern.mutrack.simple.utils.AppContext]
2016-08-03 23:30:04.931  INFO 4944 --- [main] o.s.b.f.s.DefaultListableBeanFactory     : Overriding bean definition for bean 'beanNameViewResolver' with a different definition: replacing [Root bean: class [null]; scope=; abstract=false; lazyInit=false; autowireMode=3; dependencyCheck=0; autowireCandidate=true; primary=false; factoryBeanName=org.springframework.boot.autoconfigure.web.ErrorMvcAutoConfiguration$WhitelabelErrorViewConfiguration; factoryMethodName=beanNameViewResolver; initMethodName=null; destroyMethodName=(inferred); defined in class path resource [org/springframework/boot/autoconfigure/web/ErrorMvcAutoConfiguration$WhitelabelErrorViewConfiguration.class]] with [Root bean: class [null]; scope=; abstract=false; lazyInit=false; autowireMode=3; dependencyCheck=0; autowireCandidate=true; primary=false; factoryBeanName=org.springframework.boot.autoconfigure.web.WebMvcAutoConfiguration$WebMvcAutoConfigurationAdapter; factoryMethodName=beanNameViewResolver; initMethodName=null; destroyMethodName=(inferred); defined in class path resource [org/springframework/boot/autoconfigure/web/WebMvcAutoConfiguration$WebMvcAutoConfigurationAdapter.class]]
2016-08-03 23:30:06.349  INFO 4944 --- [main] o.s.b.f.config.PropertiesFactoryBean     : Loading properties file from URL [jar:file:/C:/Users/Delfino/.m2/repository/org/springframework/integration/spring-integration-core/4.2.5.RELEASE/spring-integration-core-4.2.5.RELEASE.jar!/META-INF/spring.integration.default.properties]
2016-08-03 23:30:06.356  INFO 4944 --- [main] o.s.i.config.IntegrationRegistrar        : No bean named 'integrationHeaderChannelRegistry' has been explicitly defined. Therefore, a default DefaultHeaderChannelRegistry will be created.
2016-08-03 23:30:06.719  INFO 4944 --- [main] faultConfiguringBeanFactoryPostProcessor : No bean named 'errorChannel' has been explicitly defined. Therefore, a default PublishSubscribeChannel will be created.
2016-08-03 23:30:06.731  INFO 4944 --- [main] faultConfiguringBeanFactoryPostProcessor : No bean named 'taskScheduler' has been explicitly defined. Therefore, a default ThreadPoolTaskScheduler will be created.
2016-08-03 23:30:07.029  INFO 4944 --- [main] trationDelegate$BeanPostProcessorChecker : Bean 'org.springframework.transaction.annotation.ProxyTransactionManagementConfiguration' of type [class org.springframework.transaction.annotation.ProxyTransactionManagementConfiguration$$EnhancerBySpringCGLIB$$d84810ff] is not eligible for getting processed by all BeanPostProcessors (for example: not eligible for auto-proxying)
2016-08-03 23:30:08.573  INFO 4944 --- [main] s.b.c.e.t.TomcatEmbeddedServletContainer : Tomcat initialized with port(s): 8080 (http)
2016-08-03 23:30:08.594  INFO 4944 --- [main] o.apache.catalina.core.StandardService   : Starting service Tomcat
2016-08-03 23:30:08.596  INFO 4944 --- [main] org.apache.catalina.core.StandardEngine  : Starting Servlet Engine: Apache Tomcat/8.0.32
2016-08-03 23:30:08.834  INFO 4944 --- [localhost-startStop-1] o.a.c.c.C.[Tomcat].[localhost].[/]       : Initializing Spring embedded WebApplicationContext
2016-08-03 23:30:08.835  INFO 4944 --- [localhost-startStop-1] o.s.web.context.ContextLoader            : Root WebApplicationContext: initialization completed in 6205 ms
2016-08-03 23:30:10.082  INFO 4944 --- [localhost-startStop-1] o.s.b.c.embedded.FilterRegistrationBean  : Mapping filter: 'characterEncodingFilter' to: [/*]
2016-08-03 23:30:10.084  INFO 4944 --- [localhost-startStop-1] o.s.b.c.embedded.FilterRegistrationBean  : Mapping filter: 'hiddenHttpMethodFilter' to: [/*]
2016-08-03 23:30:10.085  INFO 4944 --- [localhost-startStop-1] o.s.b.c.embedded.FilterRegistrationBean  : Mapping filter: 'httpPutFormContentFilter' to: [/*]
2016-08-03 23:30:10.085  INFO 4944 --- [localhost-startStop-1] o.s.b.c.embedded.FilterRegistrationBean  : Mapping filter: 'requestContextFilter' to: [/*]
2016-08-03 23:30:10.087  INFO 4944 --- [localhost-startStop-1] .e.DelegatingFilterProxyRegistrationBean : Mapping filter: 'springSecurityFilterChain' to: [/*]
2016-08-03 23:30:10.088  INFO 4944 --- [localhost-startStop-1] o.s.b.c.embedded.FilterRegistrationBean  : Mapping filter: 'headerHandler' to: [/*]
2016-08-03 23:30:10.089  INFO 4944 --- [localhost-startStop-1] o.s.b.c.e.ServletRegistrationBean        : Mapping servlet: 'dispatcherServlet' to [/]
2016-08-03 23:30:12.630  INFO 4944 --- [localhost-startStop-1] j.LocalContainerEntityManagerFactoryBean : Building JPA container EntityManagerFactory for persistence unit 'default'
2016-08-03 23:30:16.713  INFO 4944 --- [localhost-startStop-1] o.s.s.web.DefaultSecurityFilterChain     : Creating filter chain: org.springframework.security.web.util.matcher.AnyRequestMatcher@1, [org.wpattern.mutrack.simple.security.HeaderHandler@5c6c9fc8, org.springframework.security.web.context.request.async.WebAsyncManagerIntegrationFilter@46627ac0, org.springframework.security.web.context.SecurityContextPersistenceFilter@2d773065, org.springframework.security.web.header.HeaderWriterFilter@1893f354, org.springframework.security.web.csrf.CsrfFilter@39be8fe3, org.wpattern.mutrack.simple.security.SecurityConfiguration$1@f3380d3, org.springframework.security.web.authentication.logout.LogoutFilter@587340d6, org.springframework.security.web.authentication.www.BasicAuthenticationFilter@7e284a0f, org.springframework.security.web.savedrequest.RequestCacheAwareFilter@2638d517, org.springframework.security.web.servletapi.SecurityContextHolderAwareRequestFilter@73559805, org.springframework.security.web.authentication.AnonymousAuthenticationFilter@461223b6, org.springframework.security.web.session.SessionManagementFilter@35b2d6b7, org.springframework.security.web.access.ExceptionTranslationFilter@585067b7, org.springframework.security.web.access.intercept.FilterSecurityInterceptor@332a]
2016-08-03 23:30:17.098  INFO 4944 --- [main] s.w.s.m.m.a.RequestMappingHandlerAdapter : Looking for @ControllerAdvice: org.springframework.boot.context.embedded.AnnotationConfigEmbeddedWebApplicationContext@25359ed8: startup date [Wed Aug 03 23:30:02 BRT 2016]; root of context hierarchy
2016-08-03 23:30:17.223  INFO 4944 --- [main] s.w.s.m.m.a.RequestMappingHandlerMapping : Mapped "{[/api/private/packagee],methods=[GET]}" onto public java.util.List<org.wpattern.mutrack.simple.packagee.PackageeEntity> org.wpattern.mutrack.simple.packagee.PackageeService.findAll()
2016-08-03 23:30:17.225  INFO 4944 --- [main] s.w.s.m.m.a.RequestMappingHandlerMapping : Mapped "{[/api/private/packagee],methods=[PUT]}" onto public void org.wpattern.mutrack.simple.packagee.PackageeService.update(org.wpattern.mutrack.simple.utils.BaseEntity)
2016-08-03 23:30:17.226  INFO 4944 --- [main] s.w.s.m.m.a.RequestMappingHandlerMapping : Mapped "{[/api/private/packagee],methods=[DELETE]}" onto public void org.wpattern.mutrack.simple.packagee.PackageeService.delete(org.wpattern.mutrack.simple.utils.BaseEntity)
2016-08-03 23:30:17.227  INFO 4944 --- [main] s.w.s.m.m.a.RequestMappingHandlerMapping : Mapped "{[/api/private/packagee],methods=[POST]}" onto public org.wpattern.mutrack.simple.utils.BaseEntity org.wpattern.mutrack.simple.packagee.PackageeService.insert(org.wpattern.mutrack.simple.utils.BaseEntity)
2016-08-03 23:30:17.233  INFO 4944 --- [main] s.w.s.m.m.a.RequestMappingHandlerMapping : Mapped "{[/api/private/permission],methods=[PUT]}" onto public void org.wpattern.mutrack.simple.utils.GenericService.update(T)
2016-08-03 23:30:17.234  INFO 4944 --- [main] s.w.s.m.m.a.RequestMappingHandlerMapping : Mapped "{[/api/private/permission],methods=[DELETE]}" onto public void org.wpattern.mutrack.simple.utils.GenericService.delete(T)
2016-08-03 23:30:17.235  INFO 4944 --- [main] s.w.s.m.m.a.RequestMappingHandlerMapping : Mapped "{[/api/private/permission],methods=[POST]}" onto public T org.wpattern.mutrack.simple.utils.GenericService.insert(T)
2016-08-03 23:30:17.236  INFO 4944 --- [main] s.w.s.m.m.a.RequestMappingHandlerMapping : Mapped "{[/api/private/permission],methods=[GET]}" onto public java.util.List<T> org.wpattern.mutrack.simple.utils.GenericService.findAll()
2016-08-03 23:30:17.237  INFO 4944 --- [main] s.w.s.m.m.a.RequestMappingHandlerMapping : Mapped "{[/api/public/login],methods=[GET]}" onto public java.security.Principal org.wpattern.mutrack.simple.security.SecurityService.user(java.security.Principal)
2016-08-03 23:30:17.240  INFO 4944 --- [main] s.w.s.m.m.a.RequestMappingHandlerMapping : Mapped "{[/api/private/user],methods=[PUT]}" onto public void org.wpattern.mutrack.simple.user.UserService.update(org.wpattern.mutrack.simple.utils.BaseEntity)
2016-08-03 23:30:17.241  INFO 4944 --- [main] s.w.s.m.m.a.RequestMappingHandlerMapping : Mapped "{[/api/private/user],methods=[DELETE]}" onto public void org.wpattern.mutrack.simple.utils.GenericService.delete(T)
2016-08-03 23:30:17.241  INFO 4944 --- [main] s.w.s.m.m.a.RequestMappingHandlerMapping : Mapped "{[/api/private/user],methods=[POST]}" onto public org.wpattern.mutrack.simple.utils.BaseEntity org.wpattern.mutrack.simple.user.UserService.insert(org.wpattern.mutrack.simple.utils.BaseEntity)
2016-08-03 23:30:17.242  INFO 4944 --- [main] s.w.s.m.m.a.RequestMappingHandlerMapping : Mapped "{[/api/private/user],methods=[GET]}" onto public java.util.List<T> org.wpattern.mutrack.simple.utils.GenericService.findAll()
2016-08-03 23:30:17.245  INFO 4944 --- [main] s.w.s.m.m.a.RequestMappingHandlerMapping : Mapped "{[/error]}" onto public org.springframework.http.ResponseEntity<java.util.Map<java.lang.String, java.lang.Object>> org.springframework.boot.autoconfigure.web.BasicErrorController.error(javax.servlet.http.HttpServletRequest)
2016-08-03 23:30:17.246  INFO 4944 --- [main] s.w.s.m.m.a.RequestMappingHandlerMapping : Mapped "{[/error],produces=[text/html]}" onto public org.springframework.web.servlet.ModelAndView org.springframework.boot.autoconfigure.web.BasicErrorController.errorHtml(javax.servlet.http.HttpServletRequest,javax.servlet.http.HttpServletResponse)
2016-08-03 23:30:17.283  INFO 4944 --- [main] o.s.w.s.handler.SimpleUrlHandlerMapping  : Mapped URL path [/webjars/**] onto handler of type [class org.springframework.web.servlet.resource.ResourceHttpRequestHandler]
2016-08-03 23:30:17.284  INFO 4944 --- [main] o.s.w.s.handler.SimpleUrlHandlerMapping  : Mapped URL path [/**] onto handler of type [class org.springframework.web.servlet.resource.ResourceHttpRequestHandler]
2016-08-03 23:30:17.317  INFO 4944 --- [main] .m.m.a.ExceptionHandlerExceptionResolver : Detected @ExceptionHandler methods in applicationExceptionMapper
2016-08-03 23:30:17.362  INFO 4944 --- [main] o.s.w.s.handler.SimpleUrlHandlerMapping  : Mapped URL path [/**/favicon.ico] onto handler of type [class org.springframework.web.servlet.resource.ResourceHttpRequestHandler]
2016-08-03 23:30:18.016  INFO 4944 --- [main] b.a.s.AuthenticationManagerConfiguration : 

Using default security password: ad9af766-97e0-403c-9574-9856d7feea10

2016-08-03 23:30:18.054  INFO 4944 --- [main] o.s.b.f.config.PropertiesFactoryBean     : Loading properties file from URL [jar:file:/C:/Users/Delfino/.m2/repository/org/springframework/integration/spring-integration-core/4.2.5.RELEASE/spring-integration-core-4.2.5.RELEASE.jar!/META-INF/spring.integration.default.properties]
2016-08-03 23:30:18.106  INFO 4944 --- [main] o.s.s.c.ThreadPoolTaskScheduler          : Initializing ExecutorService  'taskScheduler'
2016-08-03 23:30:18.398  INFO 4944 --- [main] o.s.j.e.a.AnnotationMBeanExporter        : Registering beans for JMX exposure on startup
2016-08-03 23:30:18.413  INFO 4944 --- [main] o.s.c.support.DefaultLifecycleProcessor  : Starting beans in phase 0
2016-08-03 23:30:18.414  INFO 4944 --- [main] o.s.i.endpoint.EventDrivenConsumer       : Adding {logging-channel-adapter:_org.springframework.integration.errorLogger} as a subscriber to the 'errorChannel' channel
2016-08-03 23:30:18.414  INFO 4944 --- [main] o.s.i.channel.PublishSubscribeChannel    : Channel 'application.errorChannel' has 1 subscriber(s).
2016-08-03 23:30:18.414  INFO 4944 --- [main] o.s.i.endpoint.EventDrivenConsumer       : started _org.springframework.integration.errorLogger
2016-08-03 23:30:23.457  INFO 4944 --- [main] s.b.c.e.t.TomcatEmbeddedServletContainer : Tomcat started on port(s): 8080 (http)
2016-08-03 23:30:23.463  INFO 4944 --- [main] org.wpattern.mutrack.simple.AppMain      : Started AppMain in 22.201 seconds (JVM running for 24.369)
2016-08-03 23:45:16.626  INFO 4944 --- [http-nio-8080-exec-1] o.a.c.c.C.[Tomcat].[localhost].[/]       : Initializing Spring FrameworkServlet 'dispatcherServlet'
2016-08-03 23:45:16.628  INFO 4944 --- [http-nio-8080-exec-1] o.s.web.servlet.DispatcherServlet        : FrameworkServlet 'dispatcherServlet': initialization started
2016-08-03 23:45:16.727  INFO 4944 --- [http-nio-8080-exec-1] o.s.web.servlet.DispatcherServlet        : FrameworkServlet 'dispatcherServlet': initialization completed in 98 ms
2016-08-03 23:54:03.441  INFO 5708 --- [main] org.wpattern.mutrack.simple.AppMain      : Starting AppMain on Eduardo with PID 5708 (started by Delfino in F:\FPU\6 Periodo\ProgramacaoWeb\wpattern-mutrack-simple-master\wpattern-mutrack-simple-master\wpattern-mutrack-simple)
2016-08-03 23:54:03.445  INFO 5708 --- [main] org.wpattern.mutrack.simple.AppMain      : No active profile set, falling back to default profiles: default
2016-08-03 23:54:03.613  INFO 5708 --- [main] ationConfigEmbeddedWebApplicationContext : Refreshing org.springframework.boot.context.embedded.AnnotationConfigEmbeddedWebApplicationContext@1372ed45: startup date [Wed Aug 03 23:54:03 BRT 2016]; root of context hierarchy
2016-08-03 23:54:05.897  INFO 5708 --- [main] o.s.b.f.s.DefaultListableBeanFactory     : Overriding bean definition for bean 'applicationProperty' with a different definition: replacing [Generic bean: class [org.wpattern.mutrack.simple.utils.ApplicationProperty]; scope=singleton; abstract=false; lazyInit=false; autowireMode=0; dependencyCheck=0; autowireCandidate=true; primary=false; factoryBeanName=null; factoryMethodName=null; initMethodName=null; destroyMethodName=null; defined in file [F:\FPU\6 Periodo\ProgramacaoWeb\wpattern-mutrack-simple-master\wpattern-mutrack-simple-master\wpattern-mutrack-simple\target\classes\org\wpattern\mutrack\simple\utils\ApplicationProperty.class]] with [Root bean: class [null]; scope=; abstract=false; lazyInit=false; autowireMode=3; dependencyCheck=0; autowireCandidate=true; primary=false; factoryBeanName=appContext; factoryMethodName=getApplicationProperty; initMethodName=null; destroyMethodName=(inferred); defined in org.wpattern.mutrack.simple.utils.AppContext]
2016-08-03 23:54:06.092  INFO 5708 --- [main] o.s.b.f.s.DefaultListableBeanFactory     : Overriding bean definition for bean 'beanNameViewResolver' with a different definition: replacing [Root bean: class [null]; scope=; abstract=false; lazyInit=false; autowireMode=3; dependencyCheck=0; autowireCandidate=true; primary=false; factoryBeanName=org.springframework.boot.autoconfigure.web.ErrorMvcAutoConfiguration$WhitelabelErrorViewConfiguration; factoryMethodName=beanNameViewResolver; initMethodName=null; destroyMethodName=(inferred); defined in class path resource [org/springframework/boot/autoconfigure/web/ErrorMvcAutoConfiguration$WhitelabelErrorViewConfiguration.class]] with [Root bean: class [null]; scope=; abstract=false; lazyInit=false; autowireMode=3; dependencyCheck=0; autowireCandidate=true; primary=false; factoryBeanName=org.springframework.boot.autoconfigure.web.WebMvcAutoConfiguration$WebMvcAutoConfigurationAdapter; factoryMethodName=beanNameViewResolver; initMethodName=null; destroyMethodName=(inferred); defined in class path resource [org/springframework/boot/autoconfigure/web/WebMvcAutoConfiguration$WebMvcAutoConfigurationAdapter.class]]
2016-08-03 23:54:06.445  INFO 5708 --- [main] o.s.b.f.config.PropertiesFactoryBean     : Loading properties file from URL [jar:file:/C:/Users/Delfino/.m2/repository/org/springframework/integration/spring-integration-core/4.2.5.RELEASE/spring-integration-core-4.2.5.RELEASE.jar!/META-INF/spring.integration.default.properties]
2016-08-03 23:54:06.449  INFO 5708 --- [main] o.s.i.config.IntegrationRegistrar        : No bean named 'integrationHeaderChannelRegistry' has been explicitly defined. Therefore, a default DefaultHeaderChannelRegistry will be created.
2016-08-03 23:54:06.972  INFO 5708 --- [main] faultConfiguringBeanFactoryPostProcessor : No bean named 'errorChannel' has been explicitly defined. Therefore, a default PublishSubscribeChannel will be created.
2016-08-03 23:54:06.986  INFO 5708 --- [main] faultConfiguringBeanFactoryPostProcessor : No bean named 'taskScheduler' has been explicitly defined. Therefore, a default ThreadPoolTaskScheduler will be created.
2016-08-03 23:54:07.312  INFO 5708 --- [main] trationDelegate$BeanPostProcessorChecker : Bean 'org.springframework.transaction.annotation.ProxyTransactionManagementConfiguration' of type [class org.springframework.transaction.annotation.ProxyTransactionManagementConfiguration$$EnhancerBySpringCGLIB$$d5830ad] is not eligible for getting processed by all BeanPostProcessors (for example: not eligible for auto-proxying)
2016-08-03 23:54:08.912  INFO 5708 --- [main] s.b.c.e.t.TomcatEmbeddedServletContainer : Tomcat initialized with port(s): 8080 (http)
2016-08-03 23:54:08.937  INFO 5708 --- [main] o.apache.catalina.core.StandardService   : Starting service Tomcat
2016-08-03 23:54:08.940  INFO 5708 --- [main] org.apache.catalina.core.StandardEngine  : Starting Servlet Engine: Apache Tomcat/8.0.32
2016-08-03 23:54:09.208  INFO 5708 --- [localhost-startStop-1] o.a.c.c.C.[Tomcat].[localhost].[/]       : Initializing Spring embedded WebApplicationContext
2016-08-03 23:54:09.208  INFO 5708 --- [localhost-startStop-1] o.s.web.context.ContextLoader            : Root WebApplicationContext: initialization completed in 5602 ms
2016-08-03 23:54:11.235  INFO 5708 --- [localhost-startStop-1] o.s.b.c.embedded.FilterRegistrationBean  : Mapping filter: 'characterEncodingFilter' to: [/*]
2016-08-03 23:54:11.239  INFO 5708 --- [localhost-startStop-1] o.s.b.c.embedded.FilterRegistrationBean  : Mapping filter: 'hiddenHttpMethodFilter' to: [/*]
2016-08-03 23:54:11.240  INFO 5708 --- [localhost-startStop-1] o.s.b.c.embedded.FilterRegistrationBean  : Mapping filter: 'httpPutFormContentFilter' to: [/*]
2016-08-03 23:54:11.240  INFO 5708 --- [localhost-startStop-1] o.s.b.c.embedded.FilterRegistrationBean  : Mapping filter: 'requestContextFilter' to: [/*]
2016-08-03 23:54:11.244  INFO 5708 --- [localhost-startStop-1] .e.DelegatingFilterProxyRegistrationBean : Mapping filter: 'springSecurityFilterChain' to: [/*]
2016-08-03 23:54:11.250  INFO 5708 --- [localhost-startStop-1] o.s.b.c.embedded.FilterRegistrationBean  : Mapping filter: 'headerHandler' to: [/*]
2016-08-03 23:54:11.250  INFO 5708 --- [localhost-startStop-1] o.s.b.c.e.ServletRegistrationBean        : Mapping servlet: 'dispatcherServlet' to [/]
2016-08-03 23:54:14.250  INFO 5708 --- [localhost-startStop-1] j.LocalContainerEntityManagerFactoryBean : Building JPA container EntityManagerFactory for persistence unit 'default'
2016-08-03 23:54:19.508  INFO 5708 --- [localhost-startStop-1] o.s.s.web.DefaultSecurityFilterChain     : Creating filter chain: org.springframework.security.web.util.matcher.AnyRequestMatcher@1, [org.wpattern.mutrack.simple.security.HeaderHandler@5b6aa85b, org.springframework.security.web.context.request.async.WebAsyncManagerIntegrationFilter@240ff948, org.springframework.security.web.context.SecurityContextPersistenceFilter@10553649, org.springframework.security.web.header.HeaderWriterFilter@5b09f120, org.springframework.security.web.csrf.CsrfFilter@2a9eec92, org.wpattern.mutrack.simple.security.SecurityConfiguration$1@14ea12fd, org.springframework.security.web.authentication.logout.LogoutFilter@14b52f9f, org.springframework.security.web.authentication.www.BasicAuthenticationFilter@5e804d40, org.springframework.security.web.savedrequest.RequestCacheAwareFilter@7bca8f94, org.springframework.security.web.servletapi.SecurityContextHolderAwareRequestFilter@55174063, org.springframework.security.web.authentication.AnonymousAuthenticationFilter@7a1e8ea8, org.springframework.security.web.session.SessionManagementFilter@2a95def4, org.springframework.security.web.access.ExceptionTranslationFilter@f90d2d3, org.springframework.security.web.access.intercept.FilterSecurityInterceptor@240e6e74]
2016-08-03 23:54:20.216  INFO 5708 --- [main] s.w.s.m.m.a.RequestMappingHandlerAdapter : Looking for @ControllerAdvice: org.springframework.boot.context.embedded.AnnotationConfigEmbeddedWebApplicationContext@1372ed45: startup date [Wed Aug 03 23:54:03 BRT 2016]; root of context hierarchy
2016-08-03 23:54:20.338  INFO 5708 --- [main] s.w.s.m.m.a.RequestMappingHandlerMapping : Mapped "{[/api/private/packagee],methods=[GET]}" onto public java.util.List<org.wpattern.mutrack.simple.packagee.PackageeEntity> org.wpattern.mutrack.simple.packagee.PackageeService.findAll()
2016-08-03 23:54:20.340  INFO 5708 --- [main] s.w.s.m.m.a.RequestMappingHandlerMapping : Mapped "{[/api/private/packagee],methods=[PUT]}" onto public void org.wpattern.mutrack.simple.packagee.PackageeService.update(org.wpattern.mutrack.simple.utils.BaseEntity)
2016-08-03 23:54:20.341  INFO 5708 --- [main] s.w.s.m.m.a.RequestMappingHandlerMapping : Mapped "{[/api/private/packagee],methods=[DELETE]}" onto public void org.wpattern.mutrack.simple.packagee.PackageeService.delete(org.wpattern.mutrack.simple.utils.BaseEntity)
2016-08-03 23:54:20.342  INFO 5708 --- [main] s.w.s.m.m.a.RequestMappingHandlerMapping : Mapped "{[/api/private/packagee],methods=[POST]}" onto public org.wpattern.mutrack.simple.utils.BaseEntity org.wpattern.mutrack.simple.packagee.PackageeService.insert(org.wpattern.mutrack.simple.utils.BaseEntity)
2016-08-03 23:54:20.348  INFO 5708 --- [main] s.w.s.m.m.a.RequestMappingHandlerMapping : Mapped "{[/api/private/permission],methods=[PUT]}" onto public void org.wpattern.mutrack.simple.utils.GenericService.update(T)
2016-08-03 23:54:20.349  INFO 5708 --- [main] s.w.s.m.m.a.RequestMappingHandlerMapping : Mapped "{[/api/private/permission],methods=[DELETE]}" onto public void org.wpattern.mutrack.simple.utils.GenericService.delete(T)
2016-08-03 23:54:20.349  INFO 5708 --- [main] s.w.s.m.m.a.RequestMappingHandlerMapping : Mapped "{[/api/private/permission],methods=[POST]}" onto public T org.wpattern.mutrack.simple.utils.GenericService.insert(T)
2016-08-03 23:54:20.351  INFO 5708 --- [main] s.w.s.m.m.a.RequestMappingHandlerMapping : Mapped "{[/api/private/permission],methods=[GET]}" onto public java.util.List<T> org.wpattern.mutrack.simple.utils.GenericService.findAll()
2016-08-03 23:54:20.352  INFO 5708 --- [main] s.w.s.m.m.a.RequestMappingHandlerMapping : Mapped "{[/api/public/login],methods=[GET]}" onto public java.security.Principal org.wpattern.mutrack.simple.security.SecurityService.user(java.security.Principal)
2016-08-03 23:54:20.356  INFO 5708 --- [main] s.w.s.m.m.a.RequestMappingHandlerMapping : Mapped "{[/api/private/user],methods=[PUT]}" onto public void org.wpattern.mutrack.simple.user.UserService.update(org.wpattern.mutrack.simple.utils.BaseEntity)
2016-08-03 23:54:20.357  INFO 5708 --- [main] s.w.s.m.m.a.RequestMappingHandlerMapping : Mapped "{[/api/private/user],methods=[DELETE]}" onto public void org.wpattern.mutrack.simple.utils.GenericService.delete(T)
2016-08-03 23:54:20.358  INFO 5708 --- [main] s.w.s.m.m.a.RequestMappingHandlerMapping : Mapped "{[/api/private/user],methods=[POST]}" onto public org.wpattern.mutrack.simple.utils.BaseEntity org.wpattern.mutrack.simple.user.UserService.insert(org.wpattern.mutrack.simple.utils.BaseEntity)
2016-08-03 23:54:20.359  INFO 5708 --- [main] s.w.s.m.m.a.RequestMappingHandlerMapping : Mapped "{[/api/private/user],methods=[GET]}" onto public java.util.List<T> org.wpattern.mutrack.simple.utils.GenericService.findAll()
2016-08-03 23:54:20.363  INFO 5708 --- [main] s.w.s.m.m.a.RequestMappingHandlerMapping : Mapped "{[/error]}" onto public org.springframework.http.ResponseEntity<java.util.Map<java.lang.String, java.lang.Object>> org.springframework.boot.autoconfigure.web.BasicErrorController.error(javax.servlet.http.HttpServletRequest)
2016-08-03 23:54:20.364  INFO 5708 --- [main] s.w.s.m.m.a.RequestMappingHandlerMapping : Mapped "{[/error],produces=[text/html]}" onto public org.springframework.web.servlet.ModelAndView org.springframework.boot.autoconfigure.web.BasicErrorController.errorHtml(javax.servlet.http.HttpServletRequest,javax.servlet.http.HttpServletResponse)
2016-08-03 23:54:20.418  INFO 5708 --- [main] o.s.w.s.handler.SimpleUrlHandlerMapping  : Mapped URL path [/webjars/**] onto handler of type [class org.springframework.web.servlet.resource.ResourceHttpRequestHandler]
2016-08-03 23:54:20.419  INFO 5708 --- [main] o.s.w.s.handler.SimpleUrlHandlerMapping  : Mapped URL path [/**] onto handler of type [class org.springframework.web.servlet.resource.ResourceHttpRequestHandler]
2016-08-03 23:54:20.451  INFO 5708 --- [main] .m.m.a.ExceptionHandlerExceptionResolver : Detected @ExceptionHandler methods in applicationExceptionMapper
2016-08-03 23:54:20.489  INFO 5708 --- [main] o.s.w.s.handler.SimpleUrlHandlerMapping  : Mapped URL path [/**/favicon.ico] onto handler of type [class org.springframework.web.servlet.resource.ResourceHttpRequestHandler]
2016-08-03 23:54:20.869  INFO 5708 --- [main] b.a.s.AuthenticationManagerConfiguration : 

Using default security password: 6260ada5-1583-43d4-b13d-0bfba0efc4e4

2016-08-03 23:54:20.911  INFO 5708 --- [main] o.s.b.f.config.PropertiesFactoryBean     : Loading properties file from URL [jar:file:/C:/Users/Delfino/.m2/repository/org/springframework/integration/spring-integration-core/4.2.5.RELEASE/spring-integration-core-4.2.5.RELEASE.jar!/META-INF/spring.integration.default.properties]
2016-08-03 23:54:21.032  INFO 5708 --- [main] o.s.s.c.ThreadPoolTaskScheduler          : Initializing ExecutorService  'taskScheduler'
2016-08-03 23:54:22.005  INFO 5708 --- [main] o.s.j.e.a.AnnotationMBeanExporter        : Registering beans for JMX exposure on startup
2016-08-03 23:54:22.034  INFO 5708 --- [main] o.s.c.support.DefaultLifecycleProcessor  : Starting beans in phase 0
2016-08-03 23:54:22.034  INFO 5708 --- [main] o.s.i.endpoint.EventDrivenConsumer       : Adding {logging-channel-adapter:_org.springframework.integration.errorLogger} as a subscriber to the 'errorChannel' channel
2016-08-03 23:54:22.035  INFO 5708 --- [main] o.s.i.channel.PublishSubscribeChannel    : Channel 'application.errorChannel' has 1 subscriber(s).
2016-08-03 23:54:22.035  INFO 5708 --- [main] o.s.i.endpoint.EventDrivenConsumer       : started _org.springframework.integration.errorLogger
2016-08-03 23:54:25.675 ERROR 5708 --- [main] o.a.coyote.http11.Http11NioProtocol      : Failed to start end point associated with ProtocolHandler ["http-nio-8080"]

java.net.BindException: Address already in use: bind
	at sun.nio.ch.Net.bind0(Native Method) ~[na:1.8.0_91]
	at sun.nio.ch.Net.bind(Unknown Source) ~[na:1.8.0_91]
	at sun.nio.ch.Net.bind(Unknown Source) ~[na:1.8.0_91]
	at sun.nio.ch.ServerSocketChannelImpl.bind(Unknown Source) ~[na:1.8.0_91]
	at sun.nio.ch.ServerSocketAdaptor.bind(Unknown Source) ~[na:1.8.0_91]
	at org.apache.tomcat.util.net.NioEndpoint.bind(NioEndpoint.java:340) ~[tomcat-embed-core-8.0.32.jar:8.0.32]
	at org.apache.tomcat.util.net.AbstractEndpoint.start(AbstractEndpoint.java:765) ~[tomcat-embed-core-8.0.32.jar:8.0.32]
	at org.apache.coyote.AbstractProtocol.start(AbstractProtocol.java:473) ~[tomcat-embed-core-8.0.32.jar:8.0.32]
	at org.apache.catalina.connector.Connector.startInternal(Connector.java:986) [tomcat-embed-core-8.0.32.jar:8.0.32]
	at org.apache.catalina.util.LifecycleBase.start(LifecycleBase.java:147) [tomcat-embed-core-8.0.32.jar:8.0.32]
	at org.apache.catalina.core.StandardService.addConnector(StandardService.java:239) [tomcat-embed-core-8.0.32.jar:8.0.32]
	at org.springframework.boot.context.embedded.tomcat.TomcatEmbeddedServletContainer.addPreviouslyRemovedConnectors(TomcatEmbeddedServletContainer.java:194) [spring-boot-1.3.3.RELEASE.jar:1.3.3.RELEASE]
	at org.springframework.boot.context.embedded.tomcat.TomcatEmbeddedServletContainer.start(TomcatEmbeddedServletContainer.java:151) [spring-boot-1.3.3.RELEASE.jar:1.3.3.RELEASE]
	at org.springframework.boot.context.embedded.EmbeddedWebApplicationContext.startEmbeddedServletContainer(EmbeddedWebApplicationContext.java:293) [spring-boot-1.3.3.RELEASE.jar:1.3.3.RELEASE]
	at org.springframework.boot.context.embedded.EmbeddedWebApplicationContext.finishRefresh(EmbeddedWebApplicationContext.java:141) [spring-boot-1.3.3.RELEASE.jar:1.3.3.RELEASE]
	at org.springframework.context.support.AbstractApplicationContext.refresh(AbstractApplicationContext.java:541) [spring-context-4.2.5.RELEASE.jar:4.2.5.RELEASE]
	at org.springframework.boot.context.embedded.EmbeddedWebApplicationContext.refresh(EmbeddedWebApplicationContext.java:118) [spring-boot-1.3.3.RELEASE.jar:1.3.3.RELEASE]
	at org.springframework.boot.SpringApplication.refresh(SpringApplication.java:766) [spring-boot-1.3.3.RELEASE.jar:1.3.3.RELEASE]
	at org.springframework.boot.SpringApplication.createAndRefreshContext(SpringApplication.java:361) [spring-boot-1.3.3.RELEASE.jar:1.3.3.RELEASE]
	at org.springframework.boot.SpringApplication.run(SpringApplication.java:307) [spring-boot-1.3.3.RELEASE.jar:1.3.3.RELEASE]
	at org.springframework.boot.SpringApplication.run(SpringApplication.java:1191) [spring-boot-1.3.3.RELEASE.jar:1.3.3.RELEASE]
	at org.springframework.boot.SpringApplication.run(SpringApplication.java:1180) [spring-boot-1.3.3.RELEASE.jar:1.3.3.RELEASE]
	at org.wpattern.mutrack.simple.AppMain.main(AppMain.java:11) [classes/:na]

2016-08-03 23:54:26.023 ERROR 5708 --- [main] o.apache.catalina.core.StandardService   : Failed to start connector [Connector[HTTP/1.1-8080]]

org.apache.catalina.LifecycleException: Failed to start component [Connector[HTTP/1.1-8080]]
	at org.apache.catalina.util.LifecycleBase.start(LifecycleBase.java:153) ~[tomcat-embed-core-8.0.32.jar:8.0.32]
	at org.apache.catalina.core.StandardService.addConnector(StandardService.java:239) ~[tomcat-embed-core-8.0.32.jar:8.0.32]
	at org.springframework.boot.context.embedded.tomcat.TomcatEmbeddedServletContainer.addPreviouslyRemovedConnectors(TomcatEmbeddedServletContainer.java:194) [spring-boot-1.3.3.RELEASE.jar:1.3.3.RELEASE]
	at org.springframework.boot.context.embedded.tomcat.TomcatEmbeddedServletContainer.start(TomcatEmbeddedServletContainer.java:151) [spring-boot-1.3.3.RELEASE.jar:1.3.3.RELEASE]
	at org.springframework.boot.context.embedded.EmbeddedWebApplicationContext.startEmbeddedServletContainer(EmbeddedWebApplicationContext.java:293) [spring-boot-1.3.3.RELEASE.jar:1.3.3.RELEASE]
	at org.springframework.boot.context.embedded.EmbeddedWebApplicationContext.finishRefresh(EmbeddedWebApplicationContext.java:141) [spring-boot-1.3.3.RELEASE.jar:1.3.3.RELEASE]
	at org.springframework.context.support.AbstractApplicationContext.refresh(AbstractApplicationContext.java:541) [spring-context-4.2.5.RELEASE.jar:4.2.5.RELEASE]
	at org.springframework.boot.context.embedded.EmbeddedWebApplicationContext.refresh(EmbeddedWebApplicationContext.java:118) [spring-boot-1.3.3.RELEASE.jar:1.3.3.RELEASE]
	at org.springframework.boot.SpringApplication.refresh(SpringApplication.java:766) [spring-boot-1.3.3.RELEASE.jar:1.3.3.RELEASE]
	at org.springframework.boot.SpringApplication.createAndRefreshContext(SpringApplication.java:361) [spring-boot-1.3.3.RELEASE.jar:1.3.3.RELEASE]
	at org.springframework.boot.SpringApplication.run(SpringApplication.java:307) [spring-boot-1.3.3.RELEASE.jar:1.3.3.RELEASE]
	at org.springframework.boot.SpringApplication.run(SpringApplication.java:1191) [spring-boot-1.3.3.RELEASE.jar:1.3.3.RELEASE]
	at org.springframework.boot.SpringApplication.run(SpringApplication.java:1180) [spring-boot-1.3.3.RELEASE.jar:1.3.3.RELEASE]
	at org.wpattern.mutrack.simple.AppMain.main(AppMain.java:11) [classes/:na]
Caused by: org.apache.catalina.LifecycleException: service.getName(): "Tomcat";  Protocol handler start failed
	at org.apache.catalina.connector.Connector.startInternal(Connector.java:993) ~[tomcat-embed-core-8.0.32.jar:8.0.32]
	at org.apache.catalina.util.LifecycleBase.start(LifecycleBase.java:147) ~[tomcat-embed-core-8.0.32.jar:8.0.32]
	... 13 common frames omitted
Caused by: java.net.BindException: Address already in use: bind
	at sun.nio.ch.Net.bind0(Native Method) ~[na:1.8.0_91]
	at sun.nio.ch.Net.bind(Unknown Source) ~[na:1.8.0_91]
	at sun.nio.ch.Net.bind(Unknown Source) ~[na:1.8.0_91]
	at sun.nio.ch.ServerSocketChannelImpl.bind(Unknown Source) ~[na:1.8.0_91]
	at sun.nio.ch.ServerSocketAdaptor.bind(Unknown Source) ~[na:1.8.0_91]
	at org.apache.tomcat.util.net.NioEndpoint.bind(NioEndpoint.java:340) ~[tomcat-embed-core-8.0.32.jar:8.0.32]
	at org.apache.tomcat.util.net.AbstractEndpoint.start(AbstractEndpoint.java:765) ~[tomcat-embed-core-8.0.32.jar:8.0.32]
	at org.apache.coyote.AbstractProtocol.start(AbstractProtocol.java:473) ~[tomcat-embed-core-8.0.32.jar:8.0.32]
	at org.apache.catalina.connector.Connector.startInternal(Connector.java:986) ~[tomcat-embed-core-8.0.32.jar:8.0.32]
	... 14 common frames omitted

2016-08-03 23:54:26.568  INFO 5708 --- [main] o.apache.catalina.core.StandardService   : Stopping service Tomcat
2016-08-03 23:54:26.884  WARN 5708 --- [localhost-startStop-1] o.a.c.loader.WebappClassLoaderBase       : The web application [ROOT] appears to have started a thread named [Abandoned connection cleanup thread] but has failed to stop it. This is very likely to create a memory leak. Stack trace of thread:
 java.lang.Object.wait(Native Method)
 java.lang.ref.ReferenceQueue.remove(Unknown Source)
 com.mysql.jdbc.AbandonedConnectionCleanupThread.run(AbandonedConnectionCleanupThread.java:43)
2016-08-03 23:54:29.961 ERROR 5708 --- [main] o.s.boot.SpringApplication               : Application startup failed

org.springframework.boot.context.embedded.EmbeddedServletContainerException: Unable to start embedded Tomcat servlet container
	at org.springframework.boot.context.embedded.tomcat.TomcatEmbeddedServletContainer.start(TomcatEmbeddedServletContainer.java:165) ~[spring-boot-1.3.3.RELEASE.jar:1.3.3.RELEASE]
	at org.springframework.boot.context.embedded.EmbeddedWebApplicationContext.startEmbeddedServletContainer(EmbeddedWebApplicationContext.java:293) ~[spring-boot-1.3.3.RELEASE.jar:1.3.3.RELEASE]
	at org.springframework.boot.context.embedded.EmbeddedWebApplicationContext.finishRefresh(EmbeddedWebApplicationContext.java:141) ~[spring-boot-1.3.3.RELEASE.jar:1.3.3.RELEASE]
	at org.springframework.context.support.AbstractApplicationContext.refresh(AbstractApplicationContext.java:541) ~[spring-context-4.2.5.RELEASE.jar:4.2.5.RELEASE]
	at org.springframework.boot.context.embedded.EmbeddedWebApplicationContext.refresh(EmbeddedWebApplicationContext.java:118) ~[spring-boot-1.3.3.RELEASE.jar:1.3.3.RELEASE]
	at org.springframework.boot.SpringApplication.refresh(SpringApplication.java:766) [spring-boot-1.3.3.RELEASE.jar:1.3.3.RELEASE]
	at org.springframework.boot.SpringApplication.createAndRefreshContext(SpringApplication.java:361) [spring-boot-1.3.3.RELEASE.jar:1.3.3.RELEASE]
	at org.springframework.boot.SpringApplication.run(SpringApplication.java:307) [spring-boot-1.3.3.RELEASE.jar:1.3.3.RELEASE]
	at org.springframework.boot.SpringApplication.run(SpringApplication.java:1191) [spring-boot-1.3.3.RELEASE.jar:1.3.3.RELEASE]
	at org.springframework.boot.SpringApplication.run(SpringApplication.java:1180) [spring-boot-1.3.3.RELEASE.jar:1.3.3.RELEASE]
	at org.wpattern.mutrack.simple.AppMain.main(AppMain.java:11) [classes/:na]
Caused by: java.lang.IllegalStateException: Tomcat connector in failed state
	at org.springframework.boot.context.embedded.tomcat.TomcatEmbeddedServletContainer.start(TomcatEmbeddedServletContainer.java:159) ~[spring-boot-1.3.3.RELEASE.jar:1.3.3.RELEASE]
	... 10 common frames omitted

2016-08-03 23:54:29.965  INFO 5708 --- [main] .b.l.ClasspathLoggingApplicationListener : Application failed to start with classpath: [file:/F:/FPU/6%20Periodo/ProgramacaoWeb/wpattern-mutrack-simple-master/wpattern-mutrack-simple-master/wpattern-mutrack-simple/target/classes/, file:/C:/Users/Delfino/.m2/repository/org/springframework/boot/spring-boot-starter-web/1.3.3.RELEASE/spring-boot-starter-web-1.3.3.RELEASE.jar, file:/C:/Users/Delfino/.m2/repository/org/springframework/boot/spring-boot-starter/1.3.3.RELEASE/spring-boot-starter-1.3.3.RELEASE.jar, file:/C:/Users/Delfino/.m2/repository/org/springframework/boot/spring-boot/1.3.3.RELEASE/spring-boot-1.3.3.RELEASE.jar, file:/C:/Users/Delfino/.m2/repository/org/springframework/boot/spring-boot-autoconfigure/1.3.3.RELEASE/spring-boot-autoconfigure-1.3.3.RELEASE.jar, file:/C:/Users/Delfino/.m2/repository/org/springframework/boot/spring-boot-starter-logging/1.3.3.RELEASE/spring-boot-starter-logging-1.3.3.RELEASE.jar, file:/C:/Users/Delfino/.m2/repository/ch/qos/logback/logback-classic/1.1.5/logback-classic-1.1.5.jar, file:/C:/Users/Delfino/.m2/repository/ch/qos/logback/logback-core/1.1.5/logback-core-1.1.5.jar, file:/C:/Users/Delfino/.m2/repository/org/slf4j/jul-to-slf4j/1.7.16/jul-to-slf4j-1.7.16.jar, file:/C:/Users/Delfino/.m2/repository/org/slf4j/log4j-over-slf4j/1.7.16/log4j-over-slf4j-1.7.16.jar, file:/C:/Users/Delfino/.m2/repository/org/yaml/snakeyaml/1.16/snakeyaml-1.16.jar, file:/C:/Users/Delfino/.m2/repository/org/springframework/boot/spring-boot-starter-tomcat/1.3.3.RELEASE/spring-boot-starter-tomcat-1.3.3.RELEASE.jar, file:/C:/Users/Delfino/.m2/repository/org/apache/tomcat/embed/tomcat-embed-core/8.0.32/tomcat-embed-core-8.0.32.jar, file:/C:/Users/Delfino/.m2/repository/org/apache/tomcat/embed/tomcat-embed-el/8.0.32/tomcat-embed-el-8.0.32.jar, file:/C:/Users/Delfino/.m2/repository/org/apache/tomcat/embed/tomcat-embed-logging-juli/8.0.32/tomcat-embed-logging-juli-8.0.32.jar, file:/C:/Users/Delfino/.m2/repository/org/apache/tomcat/embed/tomcat-embed-websocket/8.0.32/tomcat-embed-websocket-8.0.32.jar, file:/C:/Users/Delfino/.m2/repository/org/springframework/boot/spring-boot-starter-validation/1.3.3.RELEASE/spring-boot-starter-validation-1.3.3.RELEASE.jar, file:/C:/Users/Delfino/.m2/repository/org/hibernate/hibernate-validator/5.2.4.Final/hibernate-validator-5.2.4.Final.jar, file:/C:/Users/Delfino/.m2/repository/javax/validation/validation-api/1.1.0.Final/validation-api-1.1.0.Final.jar, file:/C:/Users/Delfino/.m2/repository/com/fasterxml/classmate/1.1.0/classmate-1.1.0.jar, file:/C:/Users/Delfino/.m2/repository/com/fasterxml/jackson/core/jackson-databind/2.6.5/jackson-databind-2.6.5.jar, file:/C:/Users/Delfino/.m2/repository/com/fasterxml/jackson/core/jackson-annotations/2.6.5/jackson-annotations-2.6.5.jar, file:/C:/Users/Delfino/.m2/repository/com/fasterxml/jackson/core/jackson-core/2.6.5/jackson-core-2.6.5.jar, file:/C:/Users/Delfino/.m2/repository/org/springframework/spring-web/4.2.5.RELEASE/spring-web-4.2.5.RELEASE.jar, file:/C:/Users/Delfino/.m2/repository/org/springframework/spring-beans/4.2.5.RELEASE/spring-beans-4.2.5.RELEASE.jar, file:/C:/Users/Delfino/.m2/repository/org/springframework/spring-context/4.2.5.RELEASE/spring-context-4.2.5.RELEASE.jar, file:/C:/Users/Delfino/.m2/repository/org/springframework/spring-webmvc/4.2.5.RELEASE/spring-webmvc-4.2.5.RELEASE.jar, file:/C:/Users/Delfino/.m2/repository/org/springframework/spring-expression/4.2.5.RELEASE/spring-expression-4.2.5.RELEASE.jar, file:/C:/Users/Delfino/.m2/repository/org/springframework/boot/spring-boot-starter-data-jpa/1.3.3.RELEASE/spring-boot-starter-data-jpa-1.3.3.RELEASE.jar, file:/C:/Users/Delfino/.m2/repository/org/springframework/boot/spring-boot-starter-aop/1.3.3.RELEASE/spring-boot-starter-aop-1.3.3.RELEASE.jar, file:/C:/Users/Delfino/.m2/repository/org/aspectj/aspectjweaver/1.8.8/aspectjweaver-1.8.8.jar, file:/C:/Users/Delfino/.m2/repository/org/hibernate/hibernate-entitymanager/4.3.11.Final/hibernate-entitymanager-4.3.11.Final.jar, file:/C:/Users/Delfino/.m2/repository/org/jboss/logging/jboss-logging/3.3.0.Final/jboss-logging-3.3.0.Final.jar, file:/C:/Users/Delfino/.m2/repository/org/jboss/logging/jboss-logging-annotations/1.2.0.Beta1/jboss-logging-annotations-1.2.0.Beta1.jar, file:/C:/Users/Delfino/.m2/repository/org/hibernate/hibernate-core/4.3.11.Final/hibernate-core-4.3.11.Final.jar, file:/C:/Users/Delfino/.m2/repository/antlr/antlr/2.7.7/antlr-2.7.7.jar, file:/C:/Users/Delfino/.m2/repository/org/jboss/jandex/1.1.0.Final/jandex-1.1.0.Final.jar, file:/C:/Users/Delfino/.m2/repository/dom4j/dom4j/1.6.1/dom4j-1.6.1.jar, file:/C:/Users/Delfino/.m2/repository/xml-apis/xml-apis/1.0.b2/xml-apis-1.0.b2.jar, file:/C:/Users/Delfino/.m2/repository/org/hibernate/common/hibernate-commons-annotations/4.0.5.Final/hibernate-commons-annotations-4.0.5.Final.jar, file:/C:/Users/Delfino/.m2/repository/org/hibernate/javax/persistence/hibernate-jpa-2.1-api/1.0.0.Final/hibernate-jpa-2.1-api-1.0.0.Final.jar, file:/C:/Users/Delfino/.m2/repository/org/javassist/javassist/3.18.1-GA/javassist-3.18.1-GA.jar, file:/C:/Users/Delfino/.m2/repository/javax/transaction/javax.transaction-api/1.2/javax.transaction-api-1.2.jar, file:/C:/Users/Delfino/.m2/repository/org/springframework/data/spring-data-jpa/1.9.4.RELEASE/spring-data-jpa-1.9.4.RELEASE.jar, file:/C:/Users/Delfino/.m2/repository/org/springframework/data/spring-data-commons/1.11.4.RELEASE/spring-data-commons-1.11.4.RELEASE.jar, file:/C:/Users/Delfino/.m2/repository/org/springframework/spring-orm/4.2.5.RELEASE/spring-orm-4.2.5.RELEASE.jar, file:/C:/Users/Delfino/.m2/repository/org/springframework/spring-tx/4.2.5.RELEASE/spring-tx-4.2.5.RELEASE.jar, file:/C:/Users/Delfino/.m2/repository/org/slf4j/slf4j-api/1.7.16/slf4j-api-1.7.16.jar, file:/C:/Users/Delfino/.m2/repository/org/slf4j/jcl-over-slf4j/1.7.16/jcl-over-slf4j-1.7.16.jar, file:/C:/Users/Delfino/.m2/repository/org/springframework/spring-aspects/4.2.5.RELEASE/spring-aspects-4.2.5.RELEASE.jar, file:/C:/Users/Delfino/.m2/repository/org/springframework/boot/spring-boot-starter-jdbc/1.3.3.RELEASE/spring-boot-starter-jdbc-1.3.3.RELEASE.jar, file:/C:/Users/Delfino/.m2/repository/org/apache/tomcat/tomcat-jdbc/8.0.32/tomcat-jdbc-8.0.32.jar, file:/C:/Users/Delfino/.m2/repository/org/apache/tomcat/tomcat-juli/8.0.32/tomcat-juli-8.0.32.jar, file:/C:/Users/Delfino/.m2/repository/org/springframework/spring-jdbc/4.2.5.RELEASE/spring-jdbc-4.2.5.RELEASE.jar, file:/C:/Users/Delfino/.m2/repository/org/springframework/boot/spring-boot-starter-security/1.3.3.RELEASE/spring-boot-starter-security-1.3.3.RELEASE.jar, file:/C:/Users/Delfino/.m2/repository/org/springframework/spring-aop/4.2.5.RELEASE/spring-aop-4.2.5.RELEASE.jar, file:/C:/Users/Delfino/.m2/repository/aopalliance/aopalliance/1.0/aopalliance-1.0.jar, file:/C:/Users/Delfino/.m2/repository/org/springframework/security/spring-security-config/4.0.3.RELEASE/spring-security-config-4.0.3.RELEASE.jar, file:/C:/Users/Delfino/.m2/repository/org/springframework/security/spring-security-core/4.0.3.RELEASE/spring-security-core-4.0.3.RELEASE.jar, file:/C:/Users/Delfino/.m2/repository/org/springframework/security/spring-security-web/4.0.3.RELEASE/spring-security-web-4.0.3.RELEASE.jar, file:/C:/Users/Delfino/.m2/repository/org/springframework/spring-core/4.2.5.RELEASE/spring-core-4.2.5.RELEASE.jar, file:/C:/Users/Delfino/.m2/repository/mysql/mysql-connector-java/5.1.38/mysql-connector-java-5.1.38.jar, file:/C:/Users/Delfino/.m2/repository/org/apache/commons/commons-lang3/3.1/commons-lang3-3.1.jar, file:/C:/Users/Delfino/.m2/repository/org/springframework/boot/spring-boot-starter-integration/1.3.3.RELEASE/spring-boot-starter-integration-1.3.3.RELEASE.jar, file:/C:/Users/Delfino/.m2/repository/org/springframework/integration/spring-integration-core/4.2.5.RELEASE/spring-integration-core-4.2.5.RELEASE.jar, file:/C:/Users/Delfino/.m2/repository/org/springframework/retry/spring-retry/1.1.2.RELEASE/spring-retry-1.1.2.RELEASE.jar, file:/C:/Users/Delfino/.m2/repository/org/springframework/spring-messaging/4.2.5.RELEASE/spring-messaging-4.2.5.RELEASE.jar, file:/C:/Users/Delfino/.m2/repository/org/springframework/integration/spring-integration-file/4.2.5.RELEASE/spring-integration-file-4.2.5.RELEASE.jar, file:/C:/Users/Delfino/.m2/repository/commons-io/commons-io/2.4/commons-io-2.4.jar, file:/C:/Users/Delfino/.m2/repository/org/springframework/integration/spring-integration-http/4.2.5.RELEASE/spring-integration-http-4.2.5.RELEASE.jar, file:/C:/Users/Delfino/.m2/repository/org/springframework/integration/spring-integration-ip/4.2.5.RELEASE/spring-integration-ip-4.2.5.RELEASE.jar, file:/C:/Users/Delfino/.m2/repository/org/springframework/integration/spring-integration-stream/4.2.5.RELEASE/spring-integration-stream-4.2.5.RELEASE.jar]
2016-08-03 23:55:29.866  INFO 5560 --- [main] org.wpattern.mutrack.simple.AppMain      : Starting AppMain on Eduardo with PID 5560 (started by Delfino in F:\FPU\6 Periodo\ProgramacaoWeb\wpattern-mutrack-simple-master\wpattern-mutrack-simple-master\wpattern-mutrack-simple)
2016-08-03 23:55:29.899  INFO 5560 --- [main] org.wpattern.mutrack.simple.AppMain      : No active profile set, falling back to default profiles: default
2016-08-03 23:55:30.159  INFO 5560 --- [main] ationConfigEmbeddedWebApplicationContext : Refreshing org.springframework.boot.context.embedded.AnnotationConfigEmbeddedWebApplicationContext@37574691: startup date [Wed Aug 03 23:55:30 BRT 2016]; root of context hierarchy
2016-08-03 23:55:33.676  INFO 5560 --- [main] o.s.b.f.s.DefaultListableBeanFactory     : Overriding bean definition for bean 'applicationProperty' with a different definition: replacing [Generic bean: class [org.wpattern.mutrack.simple.utils.ApplicationProperty]; scope=singleton; abstract=false; lazyInit=false; autowireMode=0; dependencyCheck=0; autowireCandidate=true; primary=false; factoryBeanName=null; factoryMethodName=null; initMethodName=null; destroyMethodName=null; defined in file [F:\FPU\6 Periodo\ProgramacaoWeb\wpattern-mutrack-simple-master\wpattern-mutrack-simple-master\wpattern-mutrack-simple\target\classes\org\wpattern\mutrack\simple\utils\ApplicationProperty.class]] with [Root bean: class [null]; scope=; abstract=false; lazyInit=false; autowireMode=3; dependencyCheck=0; autowireCandidate=true; primary=false; factoryBeanName=appContext; factoryMethodName=getApplicationProperty; initMethodName=null; destroyMethodName=(inferred); defined in org.wpattern.mutrack.simple.utils.AppContext]
2016-08-03 23:55:33.888  INFO 5560 --- [main] o.s.b.f.s.DefaultListableBeanFactory     : Overriding bean definition for bean 'beanNameViewResolver' with a different definition: replacing [Root bean: class [null]; scope=; abstract=false; lazyInit=false; autowireMode=3; dependencyCheck=0; autowireCandidate=true; primary=false; factoryBeanName=org.springframework.boot.autoconfigure.web.ErrorMvcAutoConfiguration$WhitelabelErrorViewConfiguration; factoryMethodName=beanNameViewResolver; initMethodName=null; destroyMethodName=(inferred); defined in class path resource [org/springframework/boot/autoconfigure/web/ErrorMvcAutoConfiguration$WhitelabelErrorViewConfiguration.class]] with [Root bean: class [null]; scope=; abstract=false; lazyInit=false; autowireMode=3; dependencyCheck=0; autowireCandidate=true; primary=false; factoryBeanName=org.springframework.boot.autoconfigure.web.WebMvcAutoConfiguration$WebMvcAutoConfigurationAdapter; factoryMethodName=beanNameViewResolver; initMethodName=null; destroyMethodName=(inferred); defined in class path resource [org/springframework/boot/autoconfigure/web/WebMvcAutoConfiguration$WebMvcAutoConfigurationAdapter.class]]
2016-08-03 23:55:34.360  INFO 5560 --- [main] o.s.b.f.config.PropertiesFactoryBean     : Loading properties file from URL [jar:file:/C:/Users/Delfino/.m2/repository/org/springframework/integration/spring-integration-core/4.2.5.RELEASE/spring-integration-core-4.2.5.RELEASE.jar!/META-INF/spring.integration.default.properties]
2016-08-03 23:55:34.365  INFO 5560 --- [main] o.s.i.config.IntegrationRegistrar        : No bean named 'integrationHeaderChannelRegistry' has been explicitly defined. Therefore, a default DefaultHeaderChannelRegistry will be created.
2016-08-03 23:55:34.773  INFO 5560 --- [main] faultConfiguringBeanFactoryPostProcessor : No bean named 'errorChannel' has been explicitly defined. Therefore, a default PublishSubscribeChannel will be created.
2016-08-03 23:55:34.784  INFO 5560 --- [main] faultConfiguringBeanFactoryPostProcessor : No bean named 'taskScheduler' has been explicitly defined. Therefore, a default ThreadPoolTaskScheduler will be created.
2016-08-03 23:55:35.710  INFO 5560 --- [main] trationDelegate$BeanPostProcessorChecker : Bean 'org.springframework.transaction.annotation.ProxyTransactionManagementConfiguration' of type [class org.springframework.transaction.annotation.ProxyTransactionManagementConfiguration$$EnhancerBySpringCGLIB$$383aed11] is not eligible for getting processed by all BeanPostProcessors (for example: not eligible for auto-proxying)
2016-08-03 23:55:37.575  INFO 5560 --- [main] s.b.c.e.t.TomcatEmbeddedServletContainer : Tomcat initialized with port(s): 8080 (http)
2016-08-03 23:55:37.598  INFO 5560 --- [main] o.apache.catalina.core.StandardService   : Starting service Tomcat
2016-08-03 23:55:37.600  INFO 5560 --- [main] org.apache.catalina.core.StandardEngine  : Starting Servlet Engine: Apache Tomcat/8.0.32
2016-08-03 23:55:37.822  INFO 5560 --- [localhost-startStop-1] o.a.c.c.C.[Tomcat].[localhost].[/]       : Initializing Spring embedded WebApplicationContext
2016-08-03 23:55:37.823  INFO 5560 --- [localhost-startStop-1] o.s.web.context.ContextLoader            : Root WebApplicationContext: initialization completed in 7755 ms
2016-08-03 23:55:38.479  INFO 5560 --- [localhost-startStop-1] o.s.b.c.embedded.FilterRegistrationBean  : Mapping filter: 'characterEncodingFilter' to: [/*]
2016-08-03 23:55:38.481  INFO 5560 --- [localhost-startStop-1] o.s.b.c.embedded.FilterRegistrationBean  : Mapping filter: 'hiddenHttpMethodFilter' to: [/*]
2016-08-03 23:55:38.481  INFO 5560 --- [localhost-startStop-1] o.s.b.c.embedded.FilterRegistrationBean  : Mapping filter: 'httpPutFormContentFilter' to: [/*]
2016-08-03 23:55:38.482  INFO 5560 --- [localhost-startStop-1] o.s.b.c.embedded.FilterRegistrationBean  : Mapping filter: 'requestContextFilter' to: [/*]
2016-08-03 23:55:38.483  INFO 5560 --- [localhost-startStop-1] .e.DelegatingFilterProxyRegistrationBean : Mapping filter: 'springSecurityFilterChain' to: [/*]
2016-08-03 23:55:38.484  INFO 5560 --- [localhost-startStop-1] o.s.b.c.embedded.FilterRegistrationBean  : Mapping filter: 'headerHandler' to: [/*]
2016-08-03 23:55:38.485  INFO 5560 --- [localhost-startStop-1] o.s.b.c.e.ServletRegistrationBean        : Mapping servlet: 'dispatcherServlet' to [/]
2016-08-03 23:55:40.333  INFO 5560 --- [localhost-startStop-1] j.LocalContainerEntityManagerFactoryBean : Building JPA container EntityManagerFactory for persistence unit 'default'
2016-08-03 23:55:43.195  INFO 5560 --- [localhost-startStop-1] o.s.s.web.DefaultSecurityFilterChain     : Creating filter chain: org.springframework.security.web.util.matcher.AnyRequestMatcher@1, [org.wpattern.mutrack.simple.security.HeaderHandler@3e2893c4, org.springframework.security.web.context.request.async.WebAsyncManagerIntegrationFilter@71a0c06f, org.springframework.security.web.context.SecurityContextPersistenceFilter@477750e5, org.springframework.security.web.header.HeaderWriterFilter@a1071a, org.springframework.security.web.csrf.CsrfFilter@60dd2fb8, org.wpattern.mutrack.simple.security.SecurityConfiguration$1@158328ab, org.springframework.security.web.authentication.logout.LogoutFilter@2cf66ede, org.springframework.security.web.authentication.www.BasicAuthenticationFilter@64ca6c82, org.springframework.security.web.savedrequest.RequestCacheAwareFilter@4b05a539, org.springframework.security.web.servletapi.SecurityContextHolderAwareRequestFilter@64612216, org.springframework.security.web.authentication.AnonymousAuthenticationFilter@7e386d4a, org.springframework.security.web.session.SessionManagementFilter@2935baa7, org.springframework.security.web.access.ExceptionTranslationFilter@50649717, org.springframework.security.web.access.intercept.FilterSecurityInterceptor@5bb97024]
2016-08-03 23:55:43.725  INFO 5560 --- [main] s.w.s.m.m.a.RequestMappingHandlerAdapter : Looking for @ControllerAdvice: org.springframework.boot.context.embedded.AnnotationConfigEmbeddedWebApplicationContext@37574691: startup date [Wed Aug 03 23:55:30 BRT 2016]; root of context hierarchy
2016-08-03 23:55:43.842  INFO 5560 --- [main] s.w.s.m.m.a.RequestMappingHandlerMapping : Mapped "{[/api/private/packagee],methods=[GET]}" onto public java.util.List<org.wpattern.mutrack.simple.packagee.PackageeEntity> org.wpattern.mutrack.simple.packagee.PackageeService.findAll()
2016-08-03 23:55:43.845  INFO 5560 --- [main] s.w.s.m.m.a.RequestMappingHandlerMapping : Mapped "{[/api/private/packagee],methods=[PUT]}" onto public void org.wpattern.mutrack.simple.packagee.PackageeService.update(org.wpattern.mutrack.simple.utils.BaseEntity)
2016-08-03 23:55:43.845  INFO 5560 --- [main] s.w.s.m.m.a.RequestMappingHandlerMapping : Mapped "{[/api/private/packagee],methods=[DELETE]}" onto public void org.wpattern.mutrack.simple.packagee.PackageeService.delete(org.wpattern.mutrack.simple.utils.BaseEntity)
2016-08-03 23:55:43.846  INFO 5560 --- [main] s.w.s.m.m.a.RequestMappingHandlerMapping : Mapped "{[/api/private/packagee],methods=[POST]}" onto public org.wpattern.mutrack.simple.utils.BaseEntity org.wpattern.mutrack.simple.packagee.PackageeService.insert(org.wpattern.mutrack.simple.utils.BaseEntity)
2016-08-03 23:55:43.851  INFO 5560 --- [main] s.w.s.m.m.a.RequestMappingHandlerMapping : Mapped "{[/api/private/permission],methods=[PUT]}" onto public void org.wpattern.mutrack.simple.utils.GenericService.update(T)
2016-08-03 23:55:43.852  INFO 5560 --- [main] s.w.s.m.m.a.RequestMappingHandlerMapping : Mapped "{[/api/private/permission],methods=[DELETE]}" onto public void org.wpattern.mutrack.simple.utils.GenericService.delete(T)
2016-08-03 23:55:43.852  INFO 5560 --- [main] s.w.s.m.m.a.RequestMappingHandlerMapping : Mapped "{[/api/private/permission],methods=[POST]}" onto public T org.wpattern.mutrack.simple.utils.GenericService.insert(T)
2016-08-03 23:55:43.853  INFO 5560 --- [main] s.w.s.m.m.a.RequestMappingHandlerMapping : Mapped "{[/api/private/permission],methods=[GET]}" onto public java.util.List<T> org.wpattern.mutrack.simple.utils.GenericService.findAll()
2016-08-03 23:55:43.855  INFO 5560 --- [main] s.w.s.m.m.a.RequestMappingHandlerMapping : Mapped "{[/api/public/login],methods=[GET]}" onto public java.security.Principal org.wpattern.mutrack.simple.security.SecurityService.user(java.security.Principal)
2016-08-03 23:55:43.858  INFO 5560 --- [main] s.w.s.m.m.a.RequestMappingHandlerMapping : Mapped "{[/api/private/user],methods=[PUT]}" onto public void org.wpattern.mutrack.simple.user.UserService.update(org.wpattern.mutrack.simple.utils.BaseEntity)
2016-08-03 23:55:43.858  INFO 5560 --- [main] s.w.s.m.m.a.RequestMappingHandlerMapping : Mapped "{[/api/private/user],methods=[DELETE]}" onto public void org.wpattern.mutrack.simple.utils.GenericService.delete(T)
2016-08-03 23:55:43.859  INFO 5560 --- [main] s.w.s.m.m.a.RequestMappingHandlerMapping : Mapped "{[/api/private/user],methods=[POST]}" onto public org.wpattern.mutrack.simple.utils.BaseEntity org.wpattern.mutrack.simple.user.UserService.insert(org.wpattern.mutrack.simple.utils.BaseEntity)
2016-08-03 23:55:43.859  INFO 5560 --- [main] s.w.s.m.m.a.RequestMappingHandlerMapping : Mapped "{[/api/private/user],methods=[GET]}" onto public java.util.List<T> org.wpattern.mutrack.simple.utils.GenericService.findAll()
2016-08-03 23:55:43.862  INFO 5560 --- [main] s.w.s.m.m.a.RequestMappingHandlerMapping : Mapped "{[/error]}" onto public org.springframework.http.ResponseEntity<java.util.Map<java.lang.String, java.lang.Object>> org.springframework.boot.autoconfigure.web.BasicErrorController.error(javax.servlet.http.HttpServletRequest)
2016-08-03 23:55:43.863  INFO 5560 --- [main] s.w.s.m.m.a.RequestMappingHandlerMapping : Mapped "{[/error],produces=[text/html]}" onto public org.springframework.web.servlet.ModelAndView org.springframework.boot.autoconfigure.web.BasicErrorController.errorHtml(javax.servlet.http.HttpServletRequest,javax.servlet.http.HttpServletResponse)
2016-08-03 23:55:43.900  INFO 5560 --- [main] o.s.w.s.handler.SimpleUrlHandlerMapping  : Mapped URL path [/webjars/**] onto handler of type [class org.springframework.web.servlet.resource.ResourceHttpRequestHandler]
2016-08-03 23:55:43.901  INFO 5560 --- [main] o.s.w.s.handler.SimpleUrlHandlerMapping  : Mapped URL path [/**] onto handler of type [class org.springframework.web.servlet.resource.ResourceHttpRequestHandler]
2016-08-03 23:55:43.928  INFO 5560 --- [main] .m.m.a.ExceptionHandlerExceptionResolver : Detected @ExceptionHandler methods in applicationExceptionMapper
2016-08-03 23:55:43.972  INFO 5560 --- [main] o.s.w.s.handler.SimpleUrlHandlerMapping  : Mapped URL path [/**/favicon.ico] onto handler of type [class org.springframework.web.servlet.resource.ResourceHttpRequestHandler]
2016-08-03 23:55:44.193  INFO 5560 --- [main] b.a.s.AuthenticationManagerConfiguration : 

Using default security password: f88682a8-0c3e-41aa-942c-4f81e326cd8e

2016-08-03 23:55:44.216  INFO 5560 --- [main] o.s.b.f.config.PropertiesFactoryBean     : Loading properties file from URL [jar:file:/C:/Users/Delfino/.m2/repository/org/springframework/integration/spring-integration-core/4.2.5.RELEASE/spring-integration-core-4.2.5.RELEASE.jar!/META-INF/spring.integration.default.properties]
2016-08-03 23:55:44.254  INFO 5560 --- [main] o.s.s.c.ThreadPoolTaskScheduler          : Initializing ExecutorService  'taskScheduler'
2016-08-03 23:55:44.480  INFO 5560 --- [main] o.s.j.e.a.AnnotationMBeanExporter        : Registering beans for JMX exposure on startup
2016-08-03 23:55:44.495  INFO 5560 --- [main] o.s.c.support.DefaultLifecycleProcessor  : Starting beans in phase 0
2016-08-03 23:55:44.495  INFO 5560 --- [main] o.s.i.endpoint.EventDrivenConsumer       : Adding {logging-channel-adapter:_org.springframework.integration.errorLogger} as a subscriber to the 'errorChannel' channel
2016-08-03 23:55:44.496  INFO 5560 --- [main] o.s.i.channel.PublishSubscribeChannel    : Channel 'application.errorChannel' has 1 subscriber(s).
2016-08-03 23:55:44.496  INFO 5560 --- [main] o.s.i.endpoint.EventDrivenConsumer       : started _org.springframework.integration.errorLogger
2016-08-03 23:55:44.574 ERROR 5560 --- [main] o.a.coyote.http11.Http11NioProtocol      : Failed to start end point associated with ProtocolHandler ["http-nio-8080"]

java.net.BindException: Address already in use: bind
	at sun.nio.ch.Net.bind0(Native Method) ~[na:1.8.0_91]
	at sun.nio.ch.Net.bind(Unknown Source) ~[na:1.8.0_91]
	at sun.nio.ch.Net.bind(Unknown Source) ~[na:1.8.0_91]
	at sun.nio.ch.ServerSocketChannelImpl.bind(Unknown Source) ~[na:1.8.0_91]
	at sun.nio.ch.ServerSocketAdaptor.bind(Unknown Source) ~[na:1.8.0_91]
	at org.apache.tomcat.util.net.NioEndpoint.bind(NioEndpoint.java:340) ~[tomcat-embed-core-8.0.32.jar:8.0.32]
	at org.apache.tomcat.util.net.AbstractEndpoint.start(AbstractEndpoint.java:765) ~[tomcat-embed-core-8.0.32.jar:8.0.32]
	at org.apache.coyote.AbstractProtocol.start(AbstractProtocol.java:473) ~[tomcat-embed-core-8.0.32.jar:8.0.32]
	at org.apache.catalina.connector.Connector.startInternal(Connector.java:986) [tomcat-embed-core-8.0.32.jar:8.0.32]
	at org.apache.catalina.util.LifecycleBase.start(LifecycleBase.java:147) [tomcat-embed-core-8.0.32.jar:8.0.32]
	at org.apache.catalina.core.StandardService.addConnector(StandardService.java:239) [tomcat-embed-core-8.0.32.jar:8.0.32]
	at org.springframework.boot.context.embedded.tomcat.TomcatEmbeddedServletContainer.addPreviouslyRemovedConnectors(TomcatEmbeddedServletContainer.java:194) [spring-boot-1.3.3.RELEASE.jar:1.3.3.RELEASE]
	at org.springframework.boot.context.embedded.tomcat.TomcatEmbeddedServletContainer.start(TomcatEmbeddedServletContainer.java:151) [spring-boot-1.3.3.RELEASE.jar:1.3.3.RELEASE]
	at org.springframework.boot.context.embedded.EmbeddedWebApplicationContext.startEmbeddedServletContainer(EmbeddedWebApplicationContext.java:293) [spring-boot-1.3.3.RELEASE.jar:1.3.3.RELEASE]
	at org.springframework.boot.context.embedded.EmbeddedWebApplicationContext.finishRefresh(EmbeddedWebApplicationContext.java:141) [spring-boot-1.3.3.RELEASE.jar:1.3.3.RELEASE]
	at org.springframework.context.support.AbstractApplicationContext.refresh(AbstractApplicationContext.java:541) [spring-context-4.2.5.RELEASE.jar:4.2.5.RELEASE]
	at org.springframework.boot.context.embedded.EmbeddedWebApplicationContext.refresh(EmbeddedWebApplicationContext.java:118) [spring-boot-1.3.3.RELEASE.jar:1.3.3.RELEASE]
	at org.springframework.boot.SpringApplication.refresh(SpringApplication.java:766) [spring-boot-1.3.3.RELEASE.jar:1.3.3.RELEASE]
	at org.springframework.boot.SpringApplication.createAndRefreshContext(SpringApplication.java:361) [spring-boot-1.3.3.RELEASE.jar:1.3.3.RELEASE]
	at org.springframework.boot.SpringApplication.run(SpringApplication.java:307) [spring-boot-1.3.3.RELEASE.jar:1.3.3.RELEASE]
	at org.springframework.boot.SpringApplication.run(SpringApplication.java:1191) [spring-boot-1.3.3.RELEASE.jar:1.3.3.RELEASE]
	at org.springframework.boot.SpringApplication.run(SpringApplication.java:1180) [spring-boot-1.3.3.RELEASE.jar:1.3.3.RELEASE]
	at org.wpattern.mutrack.simple.AppMain.main(AppMain.java:11) [classes/:na]

2016-08-03 23:55:44.577 ERROR 5560 --- [main] o.apache.catalina.core.StandardService   : Failed to start connector [Connector[HTTP/1.1-8080]]

org.apache.catalina.LifecycleException: Failed to start component [Connector[HTTP/1.1-8080]]
	at org.apache.catalina.util.LifecycleBase.start(LifecycleBase.java:153) ~[tomcat-embed-core-8.0.32.jar:8.0.32]
	at org.apache.catalina.core.StandardService.addConnector(StandardService.java:239) ~[tomcat-embed-core-8.0.32.jar:8.0.32]
	at org.springframework.boot.context.embedded.tomcat.TomcatEmbeddedServletContainer.addPreviouslyRemovedConnectors(TomcatEmbeddedServletContainer.java:194) [spring-boot-1.3.3.RELEASE.jar:1.3.3.RELEASE]
	at org.springframework.boot.context.embedded.tomcat.TomcatEmbeddedServletContainer.start(TomcatEmbeddedServletContainer.java:151) [spring-boot-1.3.3.RELEASE.jar:1.3.3.RELEASE]
	at org.springframework.boot.context.embedded.EmbeddedWebApplicationContext.startEmbeddedServletContainer(EmbeddedWebApplicationContext.java:293) [spring-boot-1.3.3.RELEASE.jar:1.3.3.RELEASE]
	at org.springframework.boot.context.embedded.EmbeddedWebApplicationContext.finishRefresh(EmbeddedWebApplicationContext.java:141) [spring-boot-1.3.3.RELEASE.jar:1.3.3.RELEASE]
	at org.springframework.context.support.AbstractApplicationContext.refresh(AbstractApplicationContext.java:541) [spring-context-4.2.5.RELEASE.jar:4.2.5.RELEASE]
	at org.springframework.boot.context.embedded.EmbeddedWebApplicationContext.refresh(EmbeddedWebApplicationContext.java:118) [spring-boot-1.3.3.RELEASE.jar:1.3.3.RELEASE]
	at org.springframework.boot.SpringApplication.refresh(SpringApplication.java:766) [spring-boot-1.3.3.RELEASE.jar:1.3.3.RELEASE]
	at org.springframework.boot.SpringApplication.createAndRefreshContext(SpringApplication.java:361) [spring-boot-1.3.3.RELEASE.jar:1.3.3.RELEASE]
	at org.springframework.boot.SpringApplication.run(SpringApplication.java:307) [spring-boot-1.3.3.RELEASE.jar:1.3.3.RELEASE]
	at org.springframework.boot.SpringApplication.run(SpringApplication.java:1191) [spring-boot-1.3.3.RELEASE.jar:1.3.3.RELEASE]
	at org.springframework.boot.SpringApplication.run(SpringApplication.java:1180) [spring-boot-1.3.3.RELEASE.jar:1.3.3.RELEASE]
	at org.wpattern.mutrack.simple.AppMain.main(AppMain.java:11) [classes/:na]
Caused by: org.apache.catalina.LifecycleException: service.getName(): "Tomcat";  Protocol handler start failed
	at org.apache.catalina.connector.Connector.startInternal(Connector.java:993) ~[tomcat-embed-core-8.0.32.jar:8.0.32]
	at org.apache.catalina.util.LifecycleBase.start(LifecycleBase.java:147) ~[tomcat-embed-core-8.0.32.jar:8.0.32]
	... 13 common frames omitted
Caused by: java.net.BindException: Address already in use: bind
	at sun.nio.ch.Net.bind0(Native Method) ~[na:1.8.0_91]
	at sun.nio.ch.Net.bind(Unknown Source) ~[na:1.8.0_91]
	at sun.nio.ch.Net.bind(Unknown Source) ~[na:1.8.0_91]
	at sun.nio.ch.ServerSocketChannelImpl.bind(Unknown Source) ~[na:1.8.0_91]
	at sun.nio.ch.ServerSocketAdaptor.bind(Unknown Source) ~[na:1.8.0_91]
	at org.apache.tomcat.util.net.NioEndpoint.bind(NioEndpoint.java:340) ~[tomcat-embed-core-8.0.32.jar:8.0.32]
	at org.apache.tomcat.util.net.AbstractEndpoint.start(AbstractEndpoint.java:765) ~[tomcat-embed-core-8.0.32.jar:8.0.32]
	at org.apache.coyote.AbstractProtocol.start(AbstractProtocol.java:473) ~[tomcat-embed-core-8.0.32.jar:8.0.32]
	at org.apache.catalina.connector.Connector.startInternal(Connector.java:986) ~[tomcat-embed-core-8.0.32.jar:8.0.32]
	... 14 common frames omitted

2016-08-03 23:55:44.600  INFO 5560 --- [main] o.apache.catalina.core.StandardService   : Stopping service Tomcat
2016-08-03 23:55:44.608  WARN 5560 --- [localhost-startStop-1] o.a.c.loader.WebappClassLoaderBase       : The web application [ROOT] appears to have started a thread named [Abandoned connection cleanup thread] but has failed to stop it. This is very likely to create a memory leak. Stack trace of thread:
 java.lang.Object.wait(Native Method)
 java.lang.ref.ReferenceQueue.remove(Unknown Source)
 com.mysql.jdbc.AbandonedConnectionCleanupThread.run(AbandonedConnectionCleanupThread.java:43)
2016-08-03 23:55:44.619 ERROR 5560 --- [main] o.s.boot.SpringApplication               : Application startup failed

org.springframework.boot.context.embedded.EmbeddedServletContainerException: Unable to start embedded Tomcat servlet container
	at org.springframework.boot.context.embedded.tomcat.TomcatEmbeddedServletContainer.start(TomcatEmbeddedServletContainer.java:165) ~[spring-boot-1.3.3.RELEASE.jar:1.3.3.RELEASE]
	at org.springframework.boot.context.embedded.EmbeddedWebApplicationContext.startEmbeddedServletContainer(EmbeddedWebApplicationContext.java:293) ~[spring-boot-1.3.3.RELEASE.jar:1.3.3.RELEASE]
	at org.springframework.boot.context.embedded.EmbeddedWebApplicationContext.finishRefresh(EmbeddedWebApplicationContext.java:141) ~[spring-boot-1.3.3.RELEASE.jar:1.3.3.RELEASE]
	at org.springframework.context.support.AbstractApplicationContext.refresh(AbstractApplicationContext.java:541) ~[spring-context-4.2.5.RELEASE.jar:4.2.5.RELEASE]
	at org.springframework.boot.context.embedded.EmbeddedWebApplicationContext.refresh(EmbeddedWebApplicationContext.java:118) ~[spring-boot-1.3.3.RELEASE.jar:1.3.3.RELEASE]
	at org.springframework.boot.SpringApplication.refresh(SpringApplication.java:766) [spring-boot-1.3.3.RELEASE.jar:1.3.3.RELEASE]
	at org.springframework.boot.SpringApplication.createAndRefreshContext(SpringApplication.java:361) [spring-boot-1.3.3.RELEASE.jar:1.3.3.RELEASE]
	at org.springframework.boot.SpringApplication.run(SpringApplication.java:307) [spring-boot-1.3.3.RELEASE.jar:1.3.3.RELEASE]
	at org.springframework.boot.SpringApplication.run(SpringApplication.java:1191) [spring-boot-1.3.3.RELEASE.jar:1.3.3.RELEASE]
	at org.springframework.boot.SpringApplication.run(SpringApplication.java:1180) [spring-boot-1.3.3.RELEASE.jar:1.3.3.RELEASE]
	at org.wpattern.mutrack.simple.AppMain.main(AppMain.java:11) [classes/:na]
Caused by: java.lang.IllegalStateException: Tomcat connector in failed state
	at org.springframework.boot.context.embedded.tomcat.TomcatEmbeddedServletContainer.start(TomcatEmbeddedServletContainer.java:159) ~[spring-boot-1.3.3.RELEASE.jar:1.3.3.RELEASE]
	... 10 common frames omitted

2016-08-03 23:55:44.622  INFO 5560 --- [main] .b.l.ClasspathLoggingApplicationListener : Application failed to start with classpath: [file:/F:/FPU/6%20Periodo/ProgramacaoWeb/wpattern-mutrack-simple-master/wpattern-mutrack-simple-master/wpattern-mutrack-simple/target/classes/, file:/C:/Users/Delfino/.m2/repository/org/springframework/boot/spring-boot-starter-web/1.3.3.RELEASE/spring-boot-starter-web-1.3.3.RELEASE.jar, file:/C:/Users/Delfino/.m2/repository/org/springframework/boot/spring-boot-starter/1.3.3.RELEASE/spring-boot-starter-1.3.3.RELEASE.jar, file:/C:/Users/Delfino/.m2/repository/org/springframework/boot/spring-boot/1.3.3.RELEASE/spring-boot-1.3.3.RELEASE.jar, file:/C:/Users/Delfino/.m2/repository/org/springframework/boot/spring-boot-autoconfigure/1.3.3.RELEASE/spring-boot-autoconfigure-1.3.3.RELEASE.jar, file:/C:/Users/Delfino/.m2/repository/org/springframework/boot/spring-boot-starter-logging/1.3.3.RELEASE/spring-boot-starter-logging-1.3.3.RELEASE.jar, file:/C:/Users/Delfino/.m2/repository/ch/qos/logback/logback-classic/1.1.5/logback-classic-1.1.5.jar, file:/C:/Users/Delfino/.m2/repository/ch/qos/logback/logback-core/1.1.5/logback-core-1.1.5.jar, file:/C:/Users/Delfino/.m2/repository/org/slf4j/jul-to-slf4j/1.7.16/jul-to-slf4j-1.7.16.jar, file:/C:/Users/Delfino/.m2/repository/org/slf4j/log4j-over-slf4j/1.7.16/log4j-over-slf4j-1.7.16.jar, file:/C:/Users/Delfino/.m2/repository/org/yaml/snakeyaml/1.16/snakeyaml-1.16.jar, file:/C:/Users/Delfino/.m2/repository/org/springframework/boot/spring-boot-starter-tomcat/1.3.3.RELEASE/spring-boot-starter-tomcat-1.3.3.RELEASE.jar, file:/C:/Users/Delfino/.m2/repository/org/apache/tomcat/embed/tomcat-embed-core/8.0.32/tomcat-embed-core-8.0.32.jar, file:/C:/Users/Delfino/.m2/repository/org/apache/tomcat/embed/tomcat-embed-el/8.0.32/tomcat-embed-el-8.0.32.jar, file:/C:/Users/Delfino/.m2/repository/org/apache/tomcat/embed/tomcat-embed-logging-juli/8.0.32/tomcat-embed-logging-juli-8.0.32.jar, file:/C:/Users/Delfino/.m2/repository/org/apache/tomcat/embed/tomcat-embed-websocket/8.0.32/tomcat-embed-websocket-8.0.32.jar, file:/C:/Users/Delfino/.m2/repository/org/springframework/boot/spring-boot-starter-validation/1.3.3.RELEASE/spring-boot-starter-validation-1.3.3.RELEASE.jar, file:/C:/Users/Delfino/.m2/repository/org/hibernate/hibernate-validator/5.2.4.Final/hibernate-validator-5.2.4.Final.jar, file:/C:/Users/Delfino/.m2/repository/javax/validation/validation-api/1.1.0.Final/validation-api-1.1.0.Final.jar, file:/C:/Users/Delfino/.m2/repository/com/fasterxml/classmate/1.1.0/classmate-1.1.0.jar, file:/C:/Users/Delfino/.m2/repository/com/fasterxml/jackson/core/jackson-databind/2.6.5/jackson-databind-2.6.5.jar, file:/C:/Users/Delfino/.m2/repository/com/fasterxml/jackson/core/jackson-annotations/2.6.5/jackson-annotations-2.6.5.jar, file:/C:/Users/Delfino/.m2/repository/com/fasterxml/jackson/core/jackson-core/2.6.5/jackson-core-2.6.5.jar, file:/C:/Users/Delfino/.m2/repository/org/springframework/spring-web/4.2.5.RELEASE/spring-web-4.2.5.RELEASE.jar, file:/C:/Users/Delfino/.m2/repository/org/springframework/spring-beans/4.2.5.RELEASE/spring-beans-4.2.5.RELEASE.jar, file:/C:/Users/Delfino/.m2/repository/org/springframework/spring-context/4.2.5.RELEASE/spring-context-4.2.5.RELEASE.jar, file:/C:/Users/Delfino/.m2/repository/org/springframework/spring-webmvc/4.2.5.RELEASE/spring-webmvc-4.2.5.RELEASE.jar, file:/C:/Users/Delfino/.m2/repository/org/springframework/spring-expression/4.2.5.RELEASE/spring-expression-4.2.5.RELEASE.jar, file:/C:/Users/Delfino/.m2/repository/org/springframework/boot/spring-boot-starter-data-jpa/1.3.3.RELEASE/spring-boot-starter-data-jpa-1.3.3.RELEASE.jar, file:/C:/Users/Delfino/.m2/repository/org/springframework/boot/spring-boot-starter-aop/1.3.3.RELEASE/spring-boot-starter-aop-1.3.3.RELEASE.jar, file:/C:/Users/Delfino/.m2/repository/org/aspectj/aspectjweaver/1.8.8/aspectjweaver-1.8.8.jar, file:/C:/Users/Delfino/.m2/repository/org/hibernate/hibernate-entitymanager/4.3.11.Final/hibernate-entitymanager-4.3.11.Final.jar, file:/C:/Users/Delfino/.m2/repository/org/jboss/logging/jboss-logging/3.3.0.Final/jboss-logging-3.3.0.Final.jar, file:/C:/Users/Delfino/.m2/repository/org/jboss/logging/jboss-logging-annotations/1.2.0.Beta1/jboss-logging-annotations-1.2.0.Beta1.jar, file:/C:/Users/Delfino/.m2/repository/org/hibernate/hibernate-core/4.3.11.Final/hibernate-core-4.3.11.Final.jar, file:/C:/Users/Delfino/.m2/repository/antlr/antlr/2.7.7/antlr-2.7.7.jar, file:/C:/Users/Delfino/.m2/repository/org/jboss/jandex/1.1.0.Final/jandex-1.1.0.Final.jar, file:/C:/Users/Delfino/.m2/repository/dom4j/dom4j/1.6.1/dom4j-1.6.1.jar, file:/C:/Users/Delfino/.m2/repository/xml-apis/xml-apis/1.0.b2/xml-apis-1.0.b2.jar, file:/C:/Users/Delfino/.m2/repository/org/hibernate/common/hibernate-commons-annotations/4.0.5.Final/hibernate-commons-annotations-4.0.5.Final.jar, file:/C:/Users/Delfino/.m2/repository/org/hibernate/javax/persistence/hibernate-jpa-2.1-api/1.0.0.Final/hibernate-jpa-2.1-api-1.0.0.Final.jar, file:/C:/Users/Delfino/.m2/repository/org/javassist/javassist/3.18.1-GA/javassist-3.18.1-GA.jar, file:/C:/Users/Delfino/.m2/repository/javax/transaction/javax.transaction-api/1.2/javax.transaction-api-1.2.jar, file:/C:/Users/Delfino/.m2/repository/org/springframework/data/spring-data-jpa/1.9.4.RELEASE/spring-data-jpa-1.9.4.RELEASE.jar, file:/C:/Users/Delfino/.m2/repository/org/springframework/data/spring-data-commons/1.11.4.RELEASE/spring-data-commons-1.11.4.RELEASE.jar, file:/C:/Users/Delfino/.m2/repository/org/springframework/spring-orm/4.2.5.RELEASE/spring-orm-4.2.5.RELEASE.jar, file:/C:/Users/Delfino/.m2/repository/org/springframework/spring-tx/4.2.5.RELEASE/spring-tx-4.2.5.RELEASE.jar, file:/C:/Users/Delfino/.m2/repository/org/slf4j/slf4j-api/1.7.16/slf4j-api-1.7.16.jar, file:/C:/Users/Delfino/.m2/repository/org/slf4j/jcl-over-slf4j/1.7.16/jcl-over-slf4j-1.7.16.jar, file:/C:/Users/Delfino/.m2/repository/org/springframework/spring-aspects/4.2.5.RELEASE/spring-aspects-4.2.5.RELEASE.jar, file:/C:/Users/Delfino/.m2/repository/org/springframework/boot/spring-boot-starter-jdbc/1.3.3.RELEASE/spring-boot-starter-jdbc-1.3.3.RELEASE.jar, file:/C:/Users/Delfino/.m2/repository/org/apache/tomcat/tomcat-jdbc/8.0.32/tomcat-jdbc-8.0.32.jar, file:/C:/Users/Delfino/.m2/repository/org/apache/tomcat/tomcat-juli/8.0.32/tomcat-juli-8.0.32.jar, file:/C:/Users/Delfino/.m2/repository/org/springframework/spring-jdbc/4.2.5.RELEASE/spring-jdbc-4.2.5.RELEASE.jar, file:/C:/Users/Delfino/.m2/repository/org/springframework/boot/spring-boot-starter-security/1.3.3.RELEASE/spring-boot-starter-security-1.3.3.RELEASE.jar, file:/C:/Users/Delfino/.m2/repository/org/springframework/spring-aop/4.2.5.RELEASE/spring-aop-4.2.5.RELEASE.jar, file:/C:/Users/Delfino/.m2/repository/aopalliance/aopalliance/1.0/aopalliance-1.0.jar, file:/C:/Users/Delfino/.m2/repository/org/springframework/security/spring-security-config/4.0.3.RELEASE/spring-security-config-4.0.3.RELEASE.jar, file:/C:/Users/Delfino/.m2/repository/org/springframework/security/spring-security-core/4.0.3.RELEASE/spring-security-core-4.0.3.RELEASE.jar, file:/C:/Users/Delfino/.m2/repository/org/springframework/security/spring-security-web/4.0.3.RELEASE/spring-security-web-4.0.3.RELEASE.jar, file:/C:/Users/Delfino/.m2/repository/org/springframework/spring-core/4.2.5.RELEASE/spring-core-4.2.5.RELEASE.jar, file:/C:/Users/Delfino/.m2/repository/mysql/mysql-connector-java/5.1.38/mysql-connector-java-5.1.38.jar, file:/C:/Users/Delfino/.m2/repository/org/apache/commons/commons-lang3/3.1/commons-lang3-3.1.jar, file:/C:/Users/Delfino/.m2/repository/org/springframework/boot/spring-boot-starter-integration/1.3.3.RELEASE/spring-boot-starter-integration-1.3.3.RELEASE.jar, file:/C:/Users/Delfino/.m2/repository/org/springframework/integration/spring-integration-core/4.2.5.RELEASE/spring-integration-core-4.2.5.RELEASE.jar, file:/C:/Users/Delfino/.m2/repository/org/springframework/retry/spring-retry/1.1.2.RELEASE/spring-retry-1.1.2.RELEASE.jar, file:/C:/Users/Delfino/.m2/repository/org/springframework/spring-messaging/4.2.5.RELEASE/spring-messaging-4.2.5.RELEASE.jar, file:/C:/Users/Delfino/.m2/repository/org/springframework/integration/spring-integration-file/4.2.5.RELEASE/spring-integration-file-4.2.5.RELEASE.jar, file:/C:/Users/Delfino/.m2/repository/commons-io/commons-io/2.4/commons-io-2.4.jar, file:/C:/Users/Delfino/.m2/repository/org/springframework/integration/spring-integration-http/4.2.5.RELEASE/spring-integration-http-4.2.5.RELEASE.jar, file:/C:/Users/Delfino/.m2/repository/org/springframework/integration/spring-integration-ip/4.2.5.RELEASE/spring-integration-ip-4.2.5.RELEASE.jar, file:/C:/Users/Delfino/.m2/repository/org/springframework/integration/spring-integration-stream/4.2.5.RELEASE/spring-integration-stream-4.2.5.RELEASE.jar]
